<?xml version="1.0" encoding="UTF-8"?>
<!-- Generated by org.testng.reporters.JUnitReportReporter -->
<testsuite hostname="jackyshideMacBook-Pro.local" name="com.bageframework.dao.JdbcTest" tests="1" failures="0" timestamp="2 Jun 2016 07:59:19 GMT" time="0.407" errors="0">
  <testcase name="testAdd" time="0.407" classname="com.bageframework.dao.JdbcTest"/>
</testsuite> <!-- com.bageframework.dao.JdbcTest -->
